android-obd-simulator/build/outputs/logs/manifest-merger-debug-report.txt
-- Merging decision tree log ---
manifest
ADDED from AndroidManifest.xml:16:1
	package
		ADDED from AndroidManifest.xml:17:7
	android:versionName
		ADDED from AndroidManifest.xml:19:7
	android:versionCode
		ADDED from AndroidManifest.xml:18:7
		INJECTED from AndroidManifest.xml:0:0
		INJECTED from AndroidManifest.xml:0:0
	xmlns:android
		ADDED from AndroidManifest.xml:16:11
uses-sdk
ADDED from AndroidManifest.xml:20:5
	android:targetSdkVersion
		ADDED from AndroidManifest.xml:20:42
	android:minSdkVersion
		ADDED from AndroidManifest.xml:20:15
uses-permission#android.permission.BLUETOOTH_ADMIN
ADDED from AndroidManifest.xml:21:5
	android:name
		ADDED from AndroidManifest.xml:21:22
uses-permission#android.permission.BLUETOOTH
ADDED from AndroidManifest.xml:22:5
	android:name
		ADDED from AndroidManifest.xml:22:22
application
ADDED from AndroidManifest.xml:24:5
	android:label
		ADDED from AndroidManifest.xml:24:18
	android:icon
		ADDED from AndroidManifest.xml:25:18
activity#org.envirocar.obd.OBDSimulator
ADDED from AndroidManifest.xml:26:9
	android:label
		ADDED from AndroidManifest.xml:27:19
	android:configChanges
		ADDED from AndroidManifest.xml:28:19
	android:name
		ADDED from AndroidManifest.xml:26:19
intent-filter#android.intent.action.MAIN+android.intent.category.LAUNCHER
ADDED from AndroidManifest.xml:29:13
action#android.intent.action.MAIN
ADDED from AndroidManifest.xml:30:17
	android:name
		ADDED from AndroidManifest.xml:30:25
category#android.intent.category.LAUNCHER
ADDED from AndroidManifest.xml:31:17
	android:name
		ADDED from AndroidManifest.xml:31:27
activity#org.envirocar.obd.DeviceListActivity
ADDED from AndroidManifest.xml:34:9
	android:label
		ADDED from AndroidManifest.xml:35:19
	android:configChanges
		ADDED from AndroidManifest.xml:36:19
	android:name
		ADDED from AndroidManifest.xml:34:19